<?xml version="1.0" encoding="UTF-8"?>
<!-- Generated by org.testng.reporters.JUnitXMLReporter -->
<testsuite hostname="AU5CG0013TJV" ignored="0" name="HomePageAssetrion" tests="1" failures="1" timestamp="2020-02-14T15:59:25 AEDT" time="31.25" errors="0">
  <testcase name="QaclickHomepage" time="26.103" classname="EndtoEndwebtest.HomePageAssetrionTest">
    <failure type="java.lang.AssertionError" message="expected [Invalid email and password.] but found [Invalid email or password.]">
      <![CDATA[java.lang.AssertionError: expected [Invalid email and password.] but found [Invalid email or password.]
at EndtoEndwebtest.HomePageAssetrionTest.QaclickHomepage(HomePageAssetrionTest.java:62)
at java.util.ArrayList.forEach(Unknown Source)
... Removed 32 stack frames]]>
    </failure>
  </testcase> <!-- QaclickHomepage -->
</testsuite> <!-- HomePageAssetrion -->
