<?xml version="1.0" encoding="UTF-8"?>
<!-- Generated by org.testng.reporters.JUnitXMLReporter -->
<testsuite hostname="AU5CG0013TJV" ignored="0" name="Test" tests="5" failures="1" timestamp="2020-02-14T13:17:25 AEDT" time="130.17" errors="0">
  <testcase name="memberregistration" time="33.825" classname="EndtoEndwebtest.RegistrationTest"/>
  <testcase name="memberregistration" time="18.912" classname="EndtoEndwebtest.RegistrationTest"/>
  <testcase name="QaclickHomepage" time="26.296" classname="EndtoEndwebtest.HomePageTest"/>
  <testcase name="QaclickHomepage" time="20.446" classname="EndtoEndwebtest.HomePageTest"/>
  <testcase name="QaclickHomepage" time="29.748" classname="EndtoEndwebtest.HomePageAssetrionTest">
    <failure type="java.lang.AssertionError" message="expected [Invalid email and password.] but found [Invalid email or password.]">
      <![CDATA[java.lang.AssertionError: expected [Invalid email and password.] but found [Invalid email or password.]
at EndtoEndwebtest.HomePageAssetrionTest.QaclickHomepage(HomePageAssetrionTest.java:51)
at java.util.ArrayList.forEach(Unknown Source)
... Removed 32 stack frames]]>
    </failure>
  </testcase> <!-- QaclickHomepage -->
</testsuite> <!-- Test -->
